Arguments: 
  D:\Program Files\nodejs\node.exe C:\Users\huanggz\AppData\Roaming\npm\node_modules\yarn\bin\yarn.js

PATH: 
  C:\Windows\system32;C:\Windows;C:\Windows\System32\Wbem;C:\Windows\System32\WindowsPowerShell\v1.0\;C:\Windows\System32\OpenSSH\;d:\Program Files\Git\cmd;d:\Program Files\Microsoft VS Code\bin;D:\laragon\bin\php\php-8.1.3-Win32-vs16-x64;D:\laragon\bin\composer;D:\Code\goCode\bin;D:\Program Files\mingw64\bin;D:\Program Files\Python310\Scripts;D:\Program Files\Python310;d:\Program Files (x86)\Tencent\微信web开发者工具\dll;D:\Program Files\LLVM\bin;C:\Program Files\Docker\Docker\resources\bin;C:\ProgramData\DockerDesktop\version-bin;D:\Program Files\nodejs\;D:\Program Files\Go\bin;D:\Program Files\containerd;C:\Users\huanggz\AppData\Local\Yarn\config\global\node_modules\.bin;C:\Users\huanggz\AppData\Roaming\Composer\vendor\bin;C:\Users\huanggz\AppData\Roaming\npm;D:\laragon\bin;D:\laragon\bin\apache\httpd-2.4.47-win64-VS16\bin;D:\laragon\bin\composer;D:\laragon\bin\git\bin;D:\laragon\bin\git\cmd;D:\laragon\bin\git\mingw64\bin;D:\laragon\bin\git\usr\bin;D:\laragon\bin\laragon\utils;D:\laragon\bin\mysql\mysql-5.7.33-winx64\bin;D:\laragon\bin\nginx\nginx-1.19.10;D:\laragon\bin\ngrok;D:\laragon\bin\nodejs\node-v14;D:\laragon\bin\notepad++;D:\laragon\bin\php\php-7.4.19-Win32-vc15-x64;D:\laragon\bin\redis\redis-x64-3.2.100;D:\laragon\bin\telnet;D:\laragon\usr\bin;C:\Users\huanggz\AppData\Local\Microsoft\WindowsApps;C:\Users\huanggz\go\bin;D:\Program Files\mingw64\bin;D:\Program Files\Python310\Scripts\;D:\Program Files\Python310\;D:\Program Files\Microsoft VS Code\bin;D:\Program Files\LLVM\bin;D:\Program Files\containerd;;D:\Program Files\Huawei\DevEco Studio 3.1.0.100\bin;

Yarn version: 
  1.22.19

Node version: 
  16.17.1

Platform: 
  win32 x64

Trace: 
  Error: unable to verify the first certificate
      at TLSSocket.onConnectSecure (node:_tls_wrap:1535:34)
      at TLSSocket.emit (node:events:513:28)
      at TLSSocket._finishInit (node:_tls_wrap:949:8)
      at TLSWrap.ssl.onhandshakedone (node:_tls_wrap:730:12)

npm manifest: 
  {
    "name": "web3rsvp",
    "license": "UNLICENSED",
    "scripts": {
      "codegen": "graph codegen",
      "build": "graph build",
      "deploy": "graph deploy --node https://api.thegraph.com/deploy/ zerodot618/web3rsvp",
      "create-local": "graph create --node http://localhost:8020/ zerodot618/web3rsvp",
      "remove-local": "graph remove --node http://localhost:8020/ zerodot618/web3rsvp",
      "deploy-local": "graph deploy --node http://localhost:8020/ --ipfs http://localhost:5001 zerodot618/web3rsvp",
      "test": "graph test"
    },
    "dependencies": {
      "@graphprotocol/graph-cli": "0.36.1",
      "@graphprotocol/graph-ts": "0.28.1"
    },
    "devDependencies": { "matchstick-as": "0.5.0" }
  }

yarn manifest: 
  No manifest

Lockfile: 
  No lockfile
